# JRE version: OpenJDK Runtime Environment Temurin-17.0.1+12 (17.0.1+12) (build 17.0.1+12)
# Java VM: OpenJDK 64-Bit Server VM Temurin-17.0.1+12 (17.0.1+12, mixed mode, emulated-client, tiered, compressed oops, compressed class ptrs, g1 gc, windows-amd64)
GC Precious Log:
 CPUs: 4 total, 4 available
 Memory: 8075M
 Large Page Support: Disabled
 NUMA Support: Disabled
 Compressed Oops: Enabled (32-bit)
 Heap Region Size: 1M
 Heap Min Capacity: 8M
 Heap Initial Capacity: 128M
 Heap Max Capacity: 2020M
 Pre-touch: Disabled
 Parallel Workers: 4
 Concurrent Workers: 1
 Concurrent Refinement Workers: 4
 Periodic GC: Disabled
Heap:
 garbage-first heap   total 144384K, used 107284K [0x0000000081c00000, 0x0000000100000000)
  region size 1024K, 72 young (73728K), 2 survivors (2048K)
 Metaspace       used 75832K, committed 76352K, reserved 1122304K
  class space    used 10249K, committed 10496K, reserved 1048576K
GC Heap History (20 events):
Event: 8.212 GC heap before
{Heap before GC invocations=17 (full 0):
 garbage-first heap   total 65536K, used 52642K [0x0000000081c00000, 0x0000000100000000)
  region size 1024K, 36 young (36864K), 2 survivors (2048K)
 Metaspace       used 42997K, committed 43392K, reserved 1089536K
  class space    used 5609K, committed 5760K, reserved 1048576K
}
Event: 8.218 GC heap after
{Heap after GC invocations=18 (full 0):
 garbage-first heap   total 65536K, used 19523K [0x0000000081c00000, 0x0000000100000000)
  region size 1024K, 4 young (4096K), 4 survivors (4096K)
 Metaspace       used 42997K, committed 43392K, reserved 1089536K
  class space    used 5609K, committed 5760K, reserved 1048576K
}
Event: 9.902 GC heap before
{Heap before GC invocations=18 (full 0):
 garbage-first heap   total 65536K, used 52291K [0x0000000081c00000, 0x0000000100000000)
  region size 1024K, 36 young (36864K), 4 survivors (4096K)
 Metaspace       used 50923K, committed 51264K, reserved 1097728K
  class space    used 6660K, committed 6784K, reserved 1048576K
}
Event: 9.912 GC heap after
{Heap after GC invocations=19 (full 0):
 garbage-first heap   total 65536K, used 22103K [0x0000000081c00000, 0x0000000100000000)
  region size 1024K, 5 young (5120K), 5 survivors (5120K)
 Metaspace       used 50923K, committed 51264K, reserved 1097728K
  class space    used 6660K, committed 6784K, reserved 1048576K
}
Event: 11.247 GC heap before
{Heap before GC invocations=19 (full 0):
 garbage-first heap   total 65536K, used 51799K [0x0000000081c00000, 0x0000000100000000)
  region size 1024K, 34 young (34816K), 5 survivors (5120K)
 Metaspace       used 56255K, committed 56640K, reserved 1097728K
  class space    used 7505K, committed 7680K, reserved 1048576K
}
Event: 11.260 GC heap after
{Heap after GC invocations=20 (full 0):
 garbage-first heap   total 65536K, used 23763K [0x0000000081c00000, 0x0000000100000000)
  region size 1024K, 5 young (5120K), 5 survivors (5120K)
 Metaspace       used 56255K, committed 56640K, reserved 1097728K
  class space    used 7505K, committed 7680K, reserved 1048576K
}
Event: 12.523 GC heap before
{Heap before GC invocations=20 (full 0):
 garbage-first heap   total 65536K, used 48339K [0x0000000081c00000, 0x0000000100000000)
  region size 1024K, 31 young (31744K), 5 survivors (5120K)
 Metaspace       used 60253K, committed 60608K, reserved 1105920K
  class space    used 8010K, committed 8192K, reserved 1048576K
}
Event: 12.534 GC heap after
{Heap after GC invocations=21 (full 0):
 garbage-first heap   total 65536K, used 25278K [0x0000000081c00000, 0x0000000100000000)
  region size 1024K, 4 young (4096K), 4 survivors (4096K)
 Metaspace       used 60253K, committed 60608K, reserved 1105920K
  class space    used 8010K, committed 8192K, reserved 1048576K
}
Event: 13.284 GC heap before
{Heap before GC invocations=22 (full 0):
 garbage-first heap   total 65536K, used 51902K [0x0000000081c00000, 0x0000000100000000)
  region size 1024K, 30 young (30720K), 4 survivors (4096K)
 Metaspace       used 62713K, committed 63104K, reserved 1105920K
  class space    used 8392K, committed 8576K, reserved 1048576K
}
Event: 13.294 GC heap after
{Heap after GC invocations=23 (full 0):
 garbage-first heap   total 65536K, used 27305K [0x0000000081c00000, 0x0000000100000000)
  region size 1024K, 4 young (4096K), 4 survivors (4096K)
 Metaspace       used 62713K, committed 63104K, reserved 1105920K
  class space    used 8392K, committed 8576K, reserved 1048576K
}
Event: 13.783 GC heap before
{Heap before GC invocations=24 (full 0):
 garbage-first heap   total 65536K, used 51881K [0x0000000081c00000, 0x0000000100000000)
  region size 1024K, 28 young (28672K), 4 survivors (4096K)
 Metaspace       used 63728K, committed 64128K, reserved 1105920K
  class space    used 8539K, committed 8768K, reserved 1048576K
}
Event: 13.791 GC heap after
{Heap after GC invocations=25 (full 0):
 garbage-first heap   total 65536K, used 28225K [0x0000000081c00000, 0x0000000100000000)
  region size 1024K, 3 young (3072K), 3 survivors (3072K)
 Metaspace       used 63728K, committed 64128K, reserved 1105920K
  class space    used 8539K, committed 8768K, reserved 1048576K
}
Event: 14.190 GC heap before
{Heap before GC invocations=25 (full 0):
 garbage-first heap   total 65536K, used 52801K [0x0000000081c00000, 0x0000000100000000)
  region size 1024K, 27 young (27648K), 3 survivors (3072K)
 Metaspace       used 64329K, committed 64704K, reserved 1105920K
  class space    used 8629K, committed 8832K, reserved 1048576K
}
Event: 14.198 GC heap after
{Heap after GC invocations=26 (full 0):
 garbage-first heap   total 65536K, used 29131K [0x0000000081c00000, 0x0000000100000000)
  region size 1024K, 2 young (2048K), 2 survivors (2048K)
 Metaspace       used 64329K, committed 64704K, reserved 1105920K
  class space    used 8629K, committed 8832K, reserved 1048576K
}
Event: 14.700 GC heap before
{Heap before GC invocations=26 (full 0):
 garbage-first heap   total 65536K, used 52683K [0x0000000081c00000, 0x0000000100000000)
  region size 1024K, 25 young (25600K), 2 survivors (2048K)
 Metaspace       used 65807K, committed 66240K, reserved 1114112K
  class space    used 8839K, committed 9024K, reserved 1048576K
}
Event: 14.708 GC heap after
{Heap after GC invocations=27 (full 0):
 garbage-first heap   total 144384K, used 29820K [0x0000000081c00000, 0x0000000100000000)
  region size 1024K, 3 young (3072K), 3 survivors (3072K)
 Metaspace       used 65807K, committed 66240K, reserved 1114112K
  class space    used 8839K, committed 9024K, reserved 1048576K
}
Event: 76.360 GC heap before
{Heap before GC invocations=27 (full 0):
 garbage-first heap   total 144384K, used 109692K [0x0000000081c00000, 0x0000000100000000)
  region size 1024K, 82 young (83968K), 3 survivors (3072K)
 Metaspace       used 74919K, committed 75392K, reserved 1122304K
  class space    used 10088K, committed 10304K, reserved 1048576K
}
Event: 76.409 GC heap after
{Heap after GC invocations=28 (full 0):
 garbage-first heap   total 144384K, used 36530K [0x0000000081c00000, 0x0000000100000000)
  region size 1024K, 10 young (10240K), 10 survivors (10240K)
 Metaspace       used 74919K, committed 75392K, reserved 1122304K
  class space    used 10088K, committed 10304K, reserved 1048576K
}
Event: 654.311 GC heap before
{Heap before GC invocations=28 (full 0):
 garbage-first heap   total 144384K, used 108210K [0x0000000081c00000, 0x0000000100000000)
  region size 1024K, 80 young (81920K), 10 survivors (10240K)
 Metaspace       used 74925K, committed 75392K, reserved 1122304K
  class space    used 10089K, committed 10304K, reserved 1048576K
}
Event: 654.326 GC heap after
{Heap after GC invocations=29 (full 0):
 garbage-first heap   total 144384K, used 37652K [0x0000000081c00000, 0x0000000100000000)
  region size 1024K, 2 young (2048K), 2 survivors (2048K)
 Metaspace       used 74925K, committed 75392K, reserved 1122304K
  class space    used 10089K, committed 10304K, reserved 1048576K
}

